<?xml version="1.0" encoding="UTF-8" ?>
<testsuite tests="8" failures="0" name="be.kdg.prog4.tdd.TestFavorites" time="0.002" errors="0" skipped="0">
  <properties>
[...]
</properties>
  <testcase classname="be.kdg.prog4.tdd.TestFavorites" name="testGetFavoritesOfExistingUserWithoutFavorites" time="0.002"/>
  <testcase classname="be.kdg.prog4.tdd.TestFavorites" name="testAddUserWithWrongCredentials" time="0"/>
  <testcase classname="be.kdg.prog4.tdd.TestFavorites" name="testWrongCredentialsWithRemoveFavorites" time="0"/>
  <testcase classname="be.kdg.prog4.tdd.TestFavorites" name="testGetFavoritesOfExistingUserWithOneFavorite" time="0"/>
  <testcase classname="be.kdg.prog4.tdd.TestFavorites" name="testWrongCredentialsWithAddFavorite" time="0"/>
  <testcase classname="be.kdg.prog4.tdd.TestFavorites" name="testGetFavoritesOfNonExistingUser" time="0"/>
  <testcase classname="be.kdg.prog4.tdd.TestFavorites" name="testGetFavoritesOfExistingUserWithTwoFavorites" time="0"/>
  <testcase classname="be.kdg.prog4.tdd.TestFavorites" name="testGetFavoritesFromDifferentUser" time="0"/>
</testsuite>